Using pre-set license
Built from '2020.3/staging' branch; Version is '2020.3.4f1 (0abb6314276a) revision 703331'; Using compiler version '192528614'; Build Type 'Release'
OS: 'Windows 10 Pro; OS build 19043.1288; Version 2009; 64bit' Language: 'ru' Physical Memory: 16333 MB
BatchMode: 1, IsHumanControllingUs: 0, StartBugReporterOnCrash: 0, Is64bit: 1, IsPro: 0

 COMMAND LINE ARGUMENTS:
K:\Unity\2020.3.4f1\Editor\Unity.exe
-adb2
-batchMode
-noUpm
-name
AssetImportWorker0
-projectPath
K:/Unity/GPLevel3
-logFile
Logs/AssetImportWorker0.log
-srvPort
60978
Successfully changed project path to: K:/Unity/GPLevel3
K:/Unity/GPLevel3
Using Asset Import Pipeline V2.
Refreshing native plugins compatible for Editor in 21.09 ms, found 0 plugins.
Preloading 0 native plugins for Editor in 0.00 ms.
Initialize engine version: 2020.3.4f1 (0abb6314276a)
[Subsystems] Discovering subsystems at path K:/Unity/2020.3.4f1/Editor/Data/Resources/UnitySubsystems
[Subsystems] Discovering subsystems at path K:/Unity/GPLevel3/Assets
GfxDevice: creating device client; threaded=0
Direct3D:
    Version:  Direct3D 11.0 [level 11.1]
    Renderer: NVIDIA GeForce GTX 1660 SUPER (ID=0x21c4)
    Vendor:   
    VRAM:     5991 MB
    Driver:   27.21.14.6192
Initialize mono
Mono path[0] = 'K:/Unity/2020.3.4f1/Editor/Data/Managed'
Mono path[1] = 'K:/Unity/2020.3.4f1/Editor/Data/MonoBleedingEdge/lib/mono/unityjit'
Mono config path = 'K:/Unity/2020.3.4f1/Editor/Data/MonoBleedingEdge/etc'
Using monoOptions --debugger-agent=transport=dt_socket,embedding=1,server=y,suspend=n,address=127.0.0.1:56760
Begin MonoManager ReloadAssembly
Registering precompiled unity dll's ...
Register platform support module: K:/Unity/2020.3.4f1/Editor/Data/PlaybackEngines/WindowsStandaloneSupport/UnityEditor.WindowsStandalone.Extensions.dll
Registered in 0.001176 seconds.
Native extension for WindowsStandalone target not found
Refreshing native plugins compatible for Editor in 21.22 ms, found 0 plugins.
Preloading 0 native plugins for Editor in 0.00 ms.
Mono: successfully reloaded assembly
- Completed reload, in  0.839 seconds
Platform modules already initialized, skipping
Registering precompiled user dll's ...
Registered in 0.000401 seconds.
Begin MonoManager ReloadAssembly
Native extension for WindowsStandalone target not found
Refreshing native plugins compatible for Editor in 0.24 ms, found 0 plugins.
Preloading 0 native plugins for Editor in 0.00 ms.
Mono: successfully reloaded assembly
- Completed reload, in  0.679 seconds
Platform modules already initialized, skipping
========================================================================
Worker process is ready to serve import requests
Launched and connected shader compiler UnityShaderCompiler.exe after 0.08 seconds
Refreshing native plugins compatible for Editor in 0.22 ms, found 0 plugins.
Preloading 0 native plugins for Editor in 0.00 ms.
Unloading 1185 Unused Serialized files (Serialized files now loaded: 0)
System memory in use before: 58.8 MB.
System memory in use after: 58.9 MB.

Unloading 10 unused Assets to reduce memory usage. Loaded Objects now: 1628.
Total: 1.519800 ms (FindLiveObjects: 0.178400 ms CreateObjectMapping: 0.028700 ms MarkObjects: 1.247800 ms  DeleteObjects: 0.064000 ms)

========================================================================
Received Import Request.
  path: Assets/Prefabs/BonusLoaction.prefab
  artifactKey: Guid(e5db2b74fe098934887d29e8e9489a54) Importer(815301076,1909f56bfc062723c751e8b465ee728b)
Start importing Assets/Prefabs/BonusLoaction.prefab using Guid(e5db2b74fe098934887d29e8e9489a54) Importer(815301076,1909f56bfc062723c751e8b465ee728b)  -> (artifact id: 'fdfb0bdc4f6bf63f2ed73381d2a7fa79') in 0.048234 seconds
  Import took 0.050286 seconds .

========================================================================
Received Prepare
Registering precompiled user dll's ...
Registered in 0.000365 seconds.
Begin MonoManager ReloadAssembly
Native extension for WindowsStandalone target not found
Refreshing native plugins compatible for Editor in 0.24 ms, found 0 plugins.
Preloading 0 native plugins for Editor in 0.00 ms.
Mono: successfully reloaded assembly
- Completed reload, in  0.635 seconds
Platform modules already initialized, skipping
Refreshing native plugins compatible for Editor in 0.25 ms, found 0 plugins.
Preloading 0 native plugins for Editor in 0.00 ms.
Unloading 1180 Unused Serialized files (Serialized files now loaded: 0)
System memory in use before: 58.8 MB.
System memory in use after: 58.9 MB.

Unloading 5 unused Assets to reduce memory usage. Loaded Objects now: 1631.
Total: 1.735900 ms (FindLiveObjects: 0.292300 ms CreateObjectMapping: 0.033000 ms MarkObjects: 1.348300 ms  DeleteObjects: 0.059900 ms)

========================================================================
Received Import Request.
  Time since last request: 23.654223 seconds.
  path: Assets/Prefabs/Bonuses.prefab
  artifactKey: Guid(114619f6f4983ae479536ad75b620777) Importer(815301076,1909f56bfc062723c751e8b465ee728b)
Start importing Assets/Prefabs/Bonuses.prefab using Guid(114619f6f4983ae479536ad75b620777) Importer(815301076,1909f56bfc062723c751e8b465ee728b)  -> (artifact id: '87cf80e283567a07b38e8e11d5981523') in 0.110892 seconds
  Import took 0.113994 seconds .

========================================================================
Received Prepare
Registering precompiled user dll's ...
Registered in 0.000504 seconds.
Begin MonoManager ReloadAssembly
Native extension for WindowsStandalone target not found
Refreshing native plugins compatible for Editor in 0.24 ms, found 0 plugins.
Preloading 0 native plugins for Editor in 0.00 ms.
Mono: successfully reloaded assembly
- Completed reload, in  0.618 seconds
Platform modules already initialized, skipping
Refreshing native plugins compatible for Editor in 0.24 ms, found 0 plugins.
Preloading 0 native plugins for Editor in 0.00 ms.
Unloading 1180 Unused Serialized files (Serialized files now loaded: 0)
System memory in use before: 62.0 MB.
System memory in use after: 62.0 MB.

Unloading 6 unused Assets to reduce memory usage. Loaded Objects now: 1642.
Total: 1.602000 ms (FindLiveObjects: 0.248800 ms CreateObjectMapping: 0.028400 ms MarkObjects: 1.274900 ms  DeleteObjects: 0.048800 ms)

========================================================================
Received Import Request.
  Time since last request: 97.199352 seconds.
  path: Assets/Prefabs/BonusLoaction.prefab
  artifactKey: Guid(e5db2b74fe098934887d29e8e9489a54) Importer(815301076,1909f56bfc062723c751e8b465ee728b)
Start importing Assets/Prefabs/BonusLoaction.prefab using Guid(e5db2b74fe098934887d29e8e9489a54) Importer(815301076,1909f56bfc062723c751e8b465ee728b)  -> (artifact id: 'f5fde69b736785c46be333ced14e011a') in 0.020729 seconds
  Import took 0.048351 seconds .

========================================================================
Received Prepare
Registering precompiled user dll's ...
Registered in 0.000478 seconds.
Begin MonoManager ReloadAssembly
Native extension for WindowsStandalone target not found
Refreshing native plugins compatible for Editor in 0.23 ms, found 0 plugins.
Preloading 0 native plugins for Editor in 0.00 ms.
Mono: successfully reloaded assembly
- Completed reload, in  0.626 seconds
Platform modules already initialized, skipping
Refreshing native plugins compatible for Editor in 0.24 ms, found 0 plugins.
Preloading 0 native plugins for Editor in 0.00 ms.
Unloading 1180 Unused Serialized files (Serialized files now loaded: 0)
System memory in use before: 62.0 MB.
System memory in use after: 62.0 MB.

Unloading 5 unused Assets to reduce memory usage. Loaded Objects now: 1645.
Total: 1.769900 ms (FindLiveObjects: 0.173500 ms CreateObjectMapping: 0.033000 ms MarkObjects: 1.511700 ms  DeleteObjects: 0.050500 ms)

========================================================================
Received Import Request.
  Time since last request: 7.220294 seconds.
  path: Assets/Prefabs/Bonuses.prefab
  artifactKey: Guid(114619f6f4983ae479536ad75b620777) Importer(815301076,1909f56bfc062723c751e8b465ee728b)
Start importing Assets/Prefabs/Bonuses.prefab using Guid(114619f6f4983ae479536ad75b620777) Importer(815301076,1909f56bfc062723c751e8b465ee728b)  -> (artifact id: '0701bf821226430668b67bddc4755237') in 0.045334 seconds
  Import took 0.058815 seconds .

========================================================================
Received Prepare
Registering precompiled user dll's ...
Registered in 0.000553 seconds.
Begin MonoManager ReloadAssembly
Native extension for WindowsStandalone target not found
Refreshing native plugins compatible for Editor in 0.31 ms, found 0 plugins.
Preloading 0 native plugins for Editor in 0.00 ms.
Mono: successfully reloaded assembly
- Completed reload, in  0.679 seconds
Platform modules already initialized, skipping
Refreshing native plugins compatible for Editor in 0.26 ms, found 0 plugins.
Preloading 0 native plugins for Editor in 0.00 ms.
Unloading 1180 Unused Serialized files (Serialized files now loaded: 0)
System memory in use before: 62.0 MB.
System memory in use after: 62.1 MB.

Unloading 6 unused Assets to reduce memory usage. Loaded Objects now: 1649.
Total: 2.063200 ms (FindLiveObjects: 0.199500 ms CreateObjectMapping: 0.031200 ms MarkObjects: 1.767200 ms  DeleteObjects: 0.063900 ms)

========================================================================
Received Prepare
Registering precompiled user dll's ...
Registered in 0.000437 seconds.
Begin MonoManager ReloadAssembly
Native extension for WindowsStandalone target not found
Refreshing native plugins compatible for Editor in 0.37 ms, found 0 plugins.
Preloading 0 native plugins for Editor in 0.00 ms.
Mono: successfully reloaded assembly
- Completed reload, in  0.628 seconds
Platform modules already initialized, skipping
Refreshing native plugins compatible for Editor in 0.26 ms, found 0 plugins.
Preloading 0 native plugins for Editor in 0.00 ms.
Unloading 1180 Unused Serialized files (Serialized files now loaded: 0)
System memory in use before: 62.0 MB.
System memory in use after: 62.1 MB.

Unloading 5 unused Assets to reduce memory usage. Loaded Objects now: 1652.
Total: 1.743400 ms (FindLiveObjects: 0.186600 ms CreateObjectMapping: 0.032400 ms MarkObjects: 1.469900 ms  DeleteObjects: 0.053400 ms)

========================================================================
Received Prepare
Registering precompiled user dll's ...
Registered in 0.000557 seconds.
Begin MonoManager ReloadAssembly
Native extension for WindowsStandalone target not found
Refreshing native plugins compatible for Editor in 0.24 ms, found 0 plugins.
Preloading 0 native plugins for Editor in 0.00 ms.
Mono: successfully reloaded assembly
- Completed reload, in  0.604 seconds
Platform modules already initialized, skipping
Refreshing native plugins compatible for Editor in 0.23 ms, found 0 plugins.
Preloading 0 native plugins for Editor in 0.00 ms.
Unloading 1180 Unused Serialized files (Serialized files now loaded: 0)
System memory in use before: 62.0 MB.
System memory in use after: 62.1 MB.

Unloading 5 unused Assets to reduce memory usage. Loaded Objects now: 1655.
Total: 2.095100 ms (FindLiveObjects: 0.276600 ms CreateObjectMapping: 0.049800 ms MarkObjects: 1.713200 ms  DeleteObjects: 0.054500 ms)

========================================================================
Received Import Request.
  Time since last request: 173.881096 seconds.
  path: Assets/Prefabs/Bonuses.prefab
  artifactKey: Guid(114619f6f4983ae479536ad75b620777) Importer(815301076,1909f56bfc062723c751e8b465ee728b)
Start importing Assets/Prefabs/Bonuses.prefab using Guid(114619f6f4983ae479536ad75b620777) Importer(815301076,1909f56bfc062723c751e8b465ee728b)  -> (artifact id: 'b2a8e9a308ffe9a90d3fe001b98fd3b7') in 0.047741 seconds
  Import took 0.050194 seconds .

========================================================================
Received Import Request.
  Time since last request: 8.856678 seconds.
  path: Assets/Prefabs/Bonuses.prefab
  artifactKey: Guid(114619f6f4983ae479536ad75b620777) Importer(815301076,1909f56bfc062723c751e8b465ee728b)
Start importing Assets/Prefabs/Bonuses.prefab using Guid(114619f6f4983ae479536ad75b620777) Importer(815301076,1909f56bfc062723c751e8b465ee728b)  -> (artifact id: '7431a4afbddeaf6978bf40d0c8119b9e') in 0.012086 seconds
  Import took 0.014799 seconds .

========================================================================
Received Prepare
Registering precompiled user dll's ...
Registered in 0.000437 seconds.
Begin MonoManager ReloadAssembly
Native extension for WindowsStandalone target not found
Refreshing native plugins compatible for Editor in 0.24 ms, found 0 plugins.
Preloading 0 native plugins for Editor in 0.00 ms.
Mono: successfully reloaded assembly
- Completed reload, in  0.616 seconds
Platform modules already initialized, skipping
Refreshing native plugins compatible for Editor in 0.23 ms, found 0 plugins.
Preloading 0 native plugins for Editor in 0.00 ms.
Unloading 1180 Unused Serialized files (Serialized files now loaded: 0)
System memory in use before: 62.0 MB.
System memory in use after: 62.1 MB.

Unloading 6 unused Assets to reduce memory usage. Loaded Objects now: 1659.
Total: 1.495100 ms (FindLiveObjects: 0.172800 ms CreateObjectMapping: 0.027100 ms MarkObjects: 1.246600 ms  DeleteObjects: 0.047900 ms)

========================================================================
Received Prepare
Registering precompiled user dll's ...
Registered in 0.000552 seconds.
Begin MonoManager ReloadAssembly
Native extension for WindowsStandalone target not found
Refreshing native plugins compatible for Editor in 0.24 ms, found 0 plugins.
Preloading 0 native plugins for Editor in 0.00 ms.
Mono: successfully reloaded assembly
- Completed reload, in  0.624 seconds
Platform modules already initialized, skipping
Refreshing native plugins compatible for Editor in 0.22 ms, found 0 plugins.
Preloading 0 native plugins for Editor in 0.00 ms.
Unloading 1181 Unused Serialized files (Serialized files now loaded: 0)
System memory in use before: 62.0 MB.
System memory in use after: 62.1 MB.

Unloading 5 unused Assets to reduce memory usage. Loaded Objects now: 1663.
Total: 1.585200 ms (FindLiveObjects: 0.170800 ms CreateObjectMapping: 0.026700 ms MarkObjects: 1.331600 ms  DeleteObjects: 0.055300 ms)

========================================================================
Received Prepare
Registering precompiled user dll's ...
Registered in 0.000514 seconds.
Begin MonoManager ReloadAssembly
Native extension for WindowsStandalone target not found
Refreshing native plugins compatible for Editor in 0.24 ms, found 0 plugins.
Preloading 0 native plugins for Editor in 0.00 ms.
Mono: successfully reloaded assembly
- Completed reload, in  0.630 seconds
Platform modules already initialized, skipping
Refreshing native plugins compatible for Editor in 0.22 ms, found 0 plugins.
Preloading 0 native plugins for Editor in 0.00 ms.
Unloading 1181 Unused Serialized files (Serialized files now loaded: 0)
System memory in use before: 62.0 MB.
System memory in use after: 62.1 MB.

Unloading 5 unused Assets to reduce memory usage. Loaded Objects now: 1666.
Total: 1.816500 ms (FindLiveObjects: 0.173800 ms CreateObjectMapping: 0.033300 ms MarkObjects: 1.554800 ms  DeleteObjects: 0.053300 ms)

========================================================================
Received Prepare
Registering precompiled user dll's ...
Registered in 0.000588 seconds.
Begin MonoManager ReloadAssembly
Native extension for WindowsStandalone target not found
Refreshing native plugins compatible for Editor in 0.25 ms, found 0 plugins.
Preloading 0 native plugins for Editor in 0.00 ms.
Mono: successfully reloaded assembly
- Completed reload, in  0.635 seconds
Platform modules already initialized, skipping
Refreshing native plugins compatible for Editor in 0.24 ms, found 0 plugins.
Preloading 0 native plugins for Editor in 0.00 ms.
Unloading 1181 Unused Serialized files (Serialized files now loaded: 0)
System memory in use before: 62.0 MB.
System memory in use after: 62.1 MB.

Unloading 5 unused Assets to reduce memory usage. Loaded Objects now: 1669.
Total: 1.747500 ms (FindLiveObjects: 0.220600 ms CreateObjectMapping: 0.036400 ms MarkObjects: 1.429300 ms  DeleteObjects: 0.060000 ms)

========================================================================
Received Prepare
Registering precompiled user dll's ...
Registered in 0.000512 seconds.
Begin MonoManager ReloadAssembly
Native extension for WindowsStandalone target not found
Refreshing native plugins compatible for Editor in 0.25 ms, found 0 plugins.
Preloading 0 native plugins for Editor in 0.00 ms.
Mono: successfully reloaded assembly
- Completed reload, in  0.630 seconds
Platform modules already initialized, skipping
Refreshing native plugins compatible for Editor in 0.23 ms, found 0 plugins.
Preloading 0 native plugins for Editor in 0.00 ms.
Unloading 1181 Unused Serialized files (Serialized files now loaded: 0)
System memory in use before: 62.0 MB.
System memory in use after: 62.1 MB.

Unloading 5 unused Assets to reduce memory usage. Loaded Objects now: 1672.
Total: 1.607100 ms (FindLiveObjects: 0.178700 ms CreateObjectMapping: 0.032800 ms MarkObjects: 1.352400 ms  DeleteObjects: 0.042300 ms)

========================================================================
Received Prepare
Registering precompiled user dll's ...
Registered in 0.000429 seconds.
Begin MonoManager ReloadAssembly
Native extension for WindowsStandalone target not found
Refreshing native plugins compatible for Editor in 0.25 ms, found 0 plugins.
Preloading 0 native plugins for Editor in 0.00 ms.
Mono: successfully reloaded assembly
- Completed reload, in  0.626 seconds
Platform modules already initialized, skipping
Refreshing native plugins compatible for Editor in 0.24 ms, found 0 plugins.
Preloading 0 native plugins for Editor in 0.00 ms.
Unloading 1181 Unused Serialized files (Serialized files now loaded: 0)
System memory in use before: 62.0 MB.
System memory in use after: 62.1 MB.

Unloading 5 unused Assets to reduce memory usage. Loaded Objects now: 1675.
Total: 1.830700 ms (FindLiveObjects: 0.311300 ms CreateObjectMapping: 0.036800 ms MarkObjects: 1.422700 ms  DeleteObjects: 0.059000 ms)

========================================================================
Received Prepare
Registering precompiled user dll's ...
Registered in 0.000771 seconds.
Begin MonoManager ReloadAssembly
Native extension for WindowsStandalone target not found
Refreshing native plugins compatible for Editor in 0.25 ms, found 0 plugins.
Preloading 0 native plugins for Editor in 0.00 ms.
Mono: successfully reloaded assembly
- Completed reload, in  0.651 seconds
Platform modules already initialized, skipping
Refreshing native plugins compatible for Editor in 0.38 ms, found 0 plugins.
Preloading 0 native plugins for Editor in 0.00 ms.
Unloading 1181 Unused Serialized files (Serialized files now loaded: 0)
System memory in use before: 62.0 MB.
System memory in use after: 62.1 MB.

Unloading 5 unused Assets to reduce memory usage. Loaded Objects now: 1678.
Total: 2.238700 ms (FindLiveObjects: 0.382600 ms CreateObjectMapping: 0.045400 ms MarkObjects: 1.729500 ms  DeleteObjects: 0.079800 ms)

========================================================================
Received Prepare
Registering precompiled user dll's ...
Registered in 0.000436 seconds.
Begin MonoManager ReloadAssembly
Native extension for WindowsStandalone target not found
Refreshing native plugins compatible for Editor in 0.26 ms, found 0 plugins.
Preloading 0 native plugins for Editor in 0.00 ms.
Mono: successfully reloaded assembly
- Completed reload, in  0.646 seconds
Platform modules already initialized, skipping
Refreshing native plugins compatible for Editor in 0.24 ms, found 0 plugins.
Preloading 0 native plugins for Editor in 0.00 ms.
Unloading 1181 Unused Serialized files (Serialized files now loaded: 0)
System memory in use before: 62.1 MB.
System memory in use after: 62.1 MB.

Unloading 5 unused Assets to reduce memory usage. Loaded Objects now: 1681.
Total: 1.876600 ms (FindLiveObjects: 0.393500 ms CreateObjectMapping: 0.032100 ms MarkObjects: 1.394100 ms  DeleteObjects: 0.055600 ms)

========================================================================
Received Prepare
Registering precompiled user dll's ...
Registered in 0.000470 seconds.
Begin MonoManager ReloadAssembly
Native extension for WindowsStandalone target not found
Refreshing native plugins compatible for Editor in 0.25 ms, found 0 plugins.
Preloading 0 native plugins for Editor in 0.00 ms.
Mono: successfully reloaded assembly
- Completed reload, in  0.643 seconds
Platform modules already initialized, skipping
Refreshing native plugins compatible for Editor in 0.25 ms, found 0 plugins.
Preloading 0 native plugins for Editor in 0.00 ms.
Unloading 1181 Unused Serialized files (Serialized files now loaded: 0)
System memory in use before: 62.1 MB.
System memory in use after: 62.1 MB.

Unloading 5 unused Assets to reduce memory usage. Loaded Objects now: 1684.
Total: 1.751400 ms (FindLiveObjects: 0.172200 ms CreateObjectMapping: 0.032200 ms MarkObjects: 1.502400 ms  DeleteObjects: 0.043700 ms)

========================================================================
Received Prepare
Registering precompiled user dll's ...
Registered in 0.000440 seconds.
Begin MonoManager ReloadAssembly
Native extension for WindowsStandalone target not found
Refreshing native plugins compatible for Editor in 0.25 ms, found 0 plugins.
Preloading 0 native plugins for Editor in 0.00 ms.
Mono: successfully reloaded assembly
- Completed reload, in  0.641 seconds
Platform modules already initialized, skipping
Refreshing native plugins compatible for Editor in 0.25 ms, found 0 plugins.
Preloading 0 native plugins for Editor in 0.00 ms.
Unloading 1181 Unused Serialized files (Serialized files now loaded: 0)
System memory in use before: 62.1 MB.
System memory in use after: 62.1 MB.

Unloading 5 unused Assets to reduce memory usage. Loaded Objects now: 1687.
Total: 1.556000 ms (FindLiveObjects: 0.178600 ms CreateObjectMapping: 0.032400 ms MarkObjects: 1.299300 ms  DeleteObjects: 0.044500 ms)

========================================================================
Received Import Request.
  Time since last request: 2014.149058 seconds.
  path: Assets/Prefabs/Bonuses 1.prefab
  artifactKey: Guid(6d9a6995376f0be4a8d2f88166bdf842) Importer(815301076,1909f56bfc062723c751e8b465ee728b)
Start importing Assets/Prefabs/Bonuses 1.prefab using Guid(6d9a6995376f0be4a8d2f88166bdf842) Importer(815301076,1909f56bfc062723c751e8b465ee728b)  -> (artifact id: '4c42ad5dfabb0bb3c6b9fb4924bd5b1a') in 0.055074 seconds
  Import took 0.057951 seconds .

========================================================================
Received Import Request.
  Time since last request: 7.871836 seconds.
  path: Assets/Prefabs/BonusesGood.prefab
  artifactKey: Guid(6d9a6995376f0be4a8d2f88166bdf842) Importer(815301076,1909f56bfc062723c751e8b465ee728b)
Start importing Assets/Prefabs/BonusesGood.prefab using Guid(6d9a6995376f0be4a8d2f88166bdf842) Importer(815301076,1909f56bfc062723c751e8b465ee728b)  -> (artifact id: '5c17cd8ac32bd90153cf10acaf3372cb') in 0.014780 seconds
  Import took 0.029172 seconds .

========================================================================
Received Import Request.
  Time since last request: 1.179566 seconds.
  path: Assets/Prefabs/Bonuses 1.prefab
  artifactKey: Guid(953850df3d611ca45914c41280140c0c) Importer(815301076,1909f56bfc062723c751e8b465ee728b)
Start importing Assets/Prefabs/Bonuses 1.prefab using Guid(953850df3d611ca45914c41280140c0c) Importer(815301076,1909f56bfc062723c751e8b465ee728b)  -> (artifact id: '1db40f0b94374bf604b7db7e1b1d637c') in 0.008741 seconds
  Import took 0.010867 seconds .

========================================================================
Received Import Request.
  Time since last request: 0.013653 seconds.
  path: Assets/Prefabs/Bonuses 1.prefab
  artifactKey: Guid(953850df3d611ca45914c41280140c0c) Importer(815301076,1909f56bfc062723c751e8b465ee728b)
Start importing Assets/Prefabs/Bonuses 1.prefab using Guid(953850df3d611ca45914c41280140c0c) Importer(815301076,1909f56bfc062723c751e8b465ee728b)  -> (artifact id: '1db40f0b94374bf604b7db7e1b1d637c') in 0.014982 seconds
  Import took 0.016922 seconds .

========================================================================
Received Import Request.
  Time since last request: 3.541390 seconds.
  path: Assets/Prefabs/BonusesBad.prefab
  artifactKey: Guid(953850df3d611ca45914c41280140c0c) Importer(815301076,1909f56bfc062723c751e8b465ee728b)
Start importing Assets/Prefabs/BonusesBad.prefab using Guid(953850df3d611ca45914c41280140c0c) Importer(815301076,1909f56bfc062723c751e8b465ee728b)  -> (artifact id: 'fadac4ca657f8fce0ff0b1b7784f4e80') in 0.010830 seconds
  Import took 0.012929 seconds .

========================================================================
Received Import Request.
  Time since last request: 0.009840 seconds.
  path: Assets/Prefabs/BonusesBad.prefab
  artifactKey: Guid(953850df3d611ca45914c41280140c0c) Importer(815301076,1909f56bfc062723c751e8b465ee728b)
Start importing Assets/Prefabs/BonusesBad.prefab using Guid(953850df3d611ca45914c41280140c0c) Importer(815301076,1909f56bfc062723c751e8b465ee728b)  -> (artifact id: 'fadac4ca657f8fce0ff0b1b7784f4e80') in 0.009995 seconds
  Import took 0.011723 seconds .

========================================================================
Received Import Request.
  Time since last request: 20.992389 seconds.
  path: Assets/Prefabs/BonusesBad.prefab
  artifactKey: Guid(953850df3d611ca45914c41280140c0c) Importer(815301076,1909f56bfc062723c751e8b465ee728b)
Start importing Assets/Prefabs/BonusesBad.prefab using Guid(953850df3d611ca45914c41280140c0c) Importer(815301076,1909f56bfc062723c751e8b465ee728b)  -> (artifact id: 'e9fdb62ffb60beea4c4963ca5fc804fe') in 0.088009 seconds
  Import took 0.119283 seconds .

========================================================================
Received Import Request.
  Time since last request: 8.104694 seconds.
  path: Assets/Resources/Data/BonusesSettings.asset
  artifactKey: Guid(bc314975aa3d2374683b107e3bf9e656) Importer(815301076,1909f56bfc062723c751e8b465ee728b)
Start importing Assets/Resources/Data/BonusesSettings.asset using Guid(bc314975aa3d2374683b107e3bf9e656) Importer(815301076,1909f56bfc062723c751e8b465ee728b)  -> (artifact id: '15233de7f1ea396519def2859071dc28') in 0.030362 seconds
  Import took 0.051192 seconds .

========================================================================
Received Import Request.
  Time since last request: 0.000150 seconds.
  path: Assets/Resources/Data/Data.asset
  artifactKey: Guid(164c37862f0bf5d489168db5e7b3474b) Importer(815301076,1909f56bfc062723c751e8b465ee728b)
Start importing Assets/Resources/Data/Data.asset using Guid(164c37862f0bf5d489168db5e7b3474b) Importer(815301076,1909f56bfc062723c751e8b465ee728b)  -> (artifact id: 'c26e671e792b1ec9c09ed159cea85b2d') in 0.006429 seconds
  Import took 0.007958 seconds .

========================================================================
Received Import Request.
  Time since last request: 6.986667 seconds.
  path: Assets/Prefabs/BonusesGood.prefab
  artifactKey: Guid(6d9a6995376f0be4a8d2f88166bdf842) Importer(815301076,1909f56bfc062723c751e8b465ee728b)
Start importing Assets/Prefabs/BonusesGood.prefab using Guid(6d9a6995376f0be4a8d2f88166bdf842) Importer(815301076,1909f56bfc062723c751e8b465ee728b)  -> (artifact id: 'b597f4e9fa63f3ae60b15b684bdb22d1') in 0.010017 seconds
  Import took 0.029177 seconds .

========================================================================
Received Prepare
Registering precompiled user dll's ...
Registered in 0.000854 seconds.
Begin MonoManager ReloadAssembly
Native extension for WindowsStandalone target not found
Refreshing native plugins compatible for Editor in 0.24 ms, found 0 plugins.
Preloading 0 native plugins for Editor in 0.00 ms.
Mono: successfully reloaded assembly
- Completed reload, in  0.625 seconds
Platform modules already initialized, skipping
Refreshing native plugins compatible for Editor in 0.25 ms, found 0 plugins.
Preloading 0 native plugins for Editor in 0.00 ms.
Unloading 1181 Unused Serialized files (Serialized files now loaded: 0)
System memory in use before: 62.1 MB.
System memory in use after: 62.2 MB.

Unloading 6 unused Assets to reduce memory usage. Loaded Objects now: 1691.
Total: 1.625700 ms (FindLiveObjects: 0.201000 ms CreateObjectMapping: 0.032900 ms MarkObjects: 1.339800 ms  DeleteObjects: 0.050900 ms)

========================================================================
Received Prepare
Registering precompiled user dll's ...
Registered in 0.000568 seconds.
Begin MonoManager ReloadAssembly
Native extension for WindowsStandalone target not found
Refreshing native plugins compatible for Editor in 0.24 ms, found 0 plugins.
Preloading 0 native plugins for Editor in 0.00 ms.
Mono: successfully reloaded assembly
- Completed reload, in  0.666 seconds
Platform modules already initialized, skipping
Refreshing native plugins compatible for Editor in 0.28 ms, found 0 plugins.
Preloading 0 native plugins for Editor in 0.00 ms.
Unloading 1159 Unused Serialized files (Serialized files now loaded: 0)
System memory in use before: 61.7 MB.
System memory in use after: 61.7 MB.

Unloading 27 unused Assets to reduce memory usage. Loaded Objects now: 1672.
Total: 1.560700 ms (FindLiveObjects: 0.164200 ms CreateObjectMapping: 0.026600 ms MarkObjects: 1.306900 ms  DeleteObjects: 0.062000 ms)

========================================================================
Received Import Request.
  Time since last request: 78.094711 seconds.
  path: Assets/Prefabs/Player.prefab
  artifactKey: Guid(21f09d71ce6a2a642b393fbfc6d21f2c) Importer(815301076,1909f56bfc062723c751e8b465ee728b)
Start importing Assets/Prefabs/Player.prefab using Guid(21f09d71ce6a2a642b393fbfc6d21f2c) Importer(815301076,1909f56bfc062723c751e8b465ee728b)  -> (artifact id: '2f4707a071bf838773c55bdadd629605') in 0.077653 seconds
  Import took 0.098346 seconds .

========================================================================
Received Prepare
Registering precompiled user dll's ...
Registered in 0.000376 seconds.
Begin MonoManager ReloadAssembly
Native extension for WindowsStandalone target not found
Refreshing native plugins compatible for Editor in 0.26 ms, found 0 plugins.
Preloading 0 native plugins for Editor in 0.00 ms.
Mono: successfully reloaded assembly
- Completed reload, in  0.639 seconds
Platform modules already initialized, skipping
Refreshing native plugins compatible for Editor in 0.22 ms, found 0 plugins.
Preloading 0 native plugins for Editor in 0.00 ms.
Unloading 1159 Unused Serialized files (Serialized files now loaded: 0)
System memory in use before: 61.6 MB.
System memory in use after: 61.7 MB.

Unloading 5 unused Assets to reduce memory usage. Loaded Objects now: 1676.
Total: 1.688900 ms (FindLiveObjects: 0.184500 ms CreateObjectMapping: 0.034800 ms MarkObjects: 1.417300 ms  DeleteObjects: 0.051200 ms)

========================================================================
Received Prepare
Registering precompiled user dll's ...
Registered in 0.000401 seconds.
Begin MonoManager ReloadAssembly
Native extension for WindowsStandalone target not found
Refreshing native plugins compatible for Editor in 0.25 ms, found 0 plugins.
Preloading 0 native plugins for Editor in 0.00 ms.
Mono: successfully reloaded assembly
- Completed reload, in  0.631 seconds
Platform modules already initialized, skipping
Refreshing native plugins compatible for Editor in 0.25 ms, found 0 plugins.
Preloading 0 native plugins for Editor in 0.00 ms.
Unloading 1159 Unused Serialized files (Serialized files now loaded: 0)
System memory in use before: 61.6 MB.
System memory in use after: 61.7 MB.

Unloading 5 unused Assets to reduce memory usage. Loaded Objects now: 1679.
Total: 1.664400 ms (FindLiveObjects: 0.182100 ms CreateObjectMapping: 0.028500 ms MarkObjects: 1.399000 ms  DeleteObjects: 0.053800 ms)

========================================================================
Received Prepare
Registering precompiled user dll's ...
Registered in 0.000418 seconds.
Begin MonoManager ReloadAssembly
Native extension for WindowsStandalone target not found
Refreshing native plugins compatible for Editor in 0.28 ms, found 0 plugins.
Preloading 0 native plugins for Editor in 0.00 ms.
Mono: successfully reloaded assembly
- Completed reload, in  0.629 seconds
Platform modules already initialized, skipping
Refreshing native plugins compatible for Editor in 0.24 ms, found 0 plugins.
Preloading 0 native plugins for Editor in 0.00 ms.
Unloading 1159 Unused Serialized files (Serialized files now loaded: 0)
System memory in use before: 61.6 MB.
System memory in use after: 61.7 MB.

Unloading 5 unused Assets to reduce memory usage. Loaded Objects now: 1682.
Total: 1.676100 ms (FindLiveObjects: 0.161800 ms CreateObjectMapping: 0.031300 ms MarkObjects: 1.428400 ms  DeleteObjects: 0.053700 ms)

========================================================================
Received Prepare
Registering precompiled user dll's ...
Registered in 0.000497 seconds.
Begin MonoManager ReloadAssembly
Native extension for WindowsStandalone target not found
Refreshing native plugins compatible for Editor in 0.24 ms, found 0 plugins.
Preloading 0 native plugins for Editor in 0.00 ms.
Mono: successfully reloaded assembly
- Completed reload, in  0.642 seconds
Platform modules already initialized, skipping
Refreshing native plugins compatible for Editor in 0.27 ms, found 0 plugins.
Preloading 0 native plugins for Editor in 0.00 ms.
Unloading 1159 Unused Serialized files (Serialized files now loaded: 0)
System memory in use before: 61.7 MB.
System memory in use after: 61.7 MB.

Unloading 5 unused Assets to reduce memory usage. Loaded Objects now: 1685.
Total: 2.166800 ms (FindLiveObjects: 0.197300 ms CreateObjectMapping: 0.037400 ms MarkObjects: 1.870300 ms  DeleteObjects: 0.060800 ms)

========================================================================
Received Prepare
Registering precompiled user dll's ...
Registered in 0.000417 seconds.
Begin MonoManager ReloadAssembly
Native extension for WindowsStandalone target not found
Refreshing native plugins compatible for Editor in 0.24 ms, found 0 plugins.
Preloading 0 native plugins for Editor in 0.00 ms.
Mono: successfully reloaded assembly
- Completed reload, in  0.632 seconds
Platform modules already initialized, skipping
Refreshing native plugins compatible for Editor in 0.23 ms, found 0 plugins.
Preloading 0 native plugins for Editor in 0.00 ms.
Unloading 1159 Unused Serialized files (Serialized files now loaded: 0)
System memory in use before: 61.7 MB.
System memory in use after: 61.7 MB.

Unloading 5 unused Assets to reduce memory usage. Loaded Objects now: 1688.
Total: 1.667100 ms (FindLiveObjects: 0.185700 ms CreateObjectMapping: 0.038900 ms MarkObjects: 1.393400 ms  DeleteObjects: 0.047800 ms)

========================================================================
Received Import Request.
  Time since last request: 1174.877483 seconds.
  path: Assets/Resources/Data/BonusesSettings.asset
  artifactKey: Guid(bc314975aa3d2374683b107e3bf9e656) Importer(815301076,1909f56bfc062723c751e8b465ee728b)
Start importing Assets/Resources/Data/BonusesSettings.asset using Guid(bc314975aa3d2374683b107e3bf9e656) Importer(815301076,1909f56bfc062723c751e8b465ee728b)  -> (artifact id: '3e89782f2f1e16e9fc2b98b34b3dde08') in 0.018053 seconds
  Import took 0.020413 seconds .

========================================================================
Received Prepare
Registering precompiled user dll's ...
Registered in 0.000420 seconds.
Begin MonoManager ReloadAssembly
Native extension for WindowsStandalone target not found
Refreshing native plugins compatible for Editor in 0.24 ms, found 0 plugins.
Preloading 0 native plugins for Editor in 0.00 ms.
Mono: successfully reloaded assembly
- Completed reload, in  0.652 seconds
Platform modules already initialized, skipping
Refreshing native plugins compatible for Editor in 0.23 ms, found 0 plugins.
Preloading 0 native plugins for Editor in 0.00 ms.
Unloading 1159 Unused Serialized files (Serialized files now loaded: 0)
System memory in use before: 61.7 MB.
System memory in use after: 61.7 MB.

Unloading 5 unused Assets to reduce memory usage. Loaded Objects now: 1691.
Total: 1.784100 ms (FindLiveObjects: 0.168900 ms CreateObjectMapping: 0.027100 ms MarkObjects: 1.533600 ms  DeleteObjects: 0.053200 ms)

========================================================================
Received Import Request.
  Time since last request: 365.059844 seconds.
  path: Assets/Prefabs/Player.prefab
  artifactKey: Guid(21f09d71ce6a2a642b393fbfc6d21f2c) Importer(815301076,1909f56bfc062723c751e8b465ee728b)
Start importing Assets/Prefabs/Player.prefab using Guid(21f09d71ce6a2a642b393fbfc6d21f2c) Importer(815301076,1909f56bfc062723c751e8b465ee728b)  -> (artifact id: 'ccc2d62e25147b53b0d443b306cf543c') in 0.059042 seconds
  Import took 0.061345 seconds .

========================================================================
Received Prepare
Registering precompiled user dll's ...
Registered in 0.000589 seconds.
Begin MonoManager ReloadAssembly
Native extension for WindowsStandalone target not found
Refreshing native plugins compatible for Editor in 0.25 ms, found 0 plugins.
Preloading 0 native plugins for Editor in 0.00 ms.
Mono: successfully reloaded assembly
- Completed reload, in  0.617 seconds
Platform modules already initialized, skipping
Refreshing native plugins compatible for Editor in 0.24 ms, found 0 plugins.
Preloading 0 native plugins for Editor in 0.00 ms.
Unloading 1159 Unused Serialized files (Serialized files now loaded: 0)
System memory in use before: 61.7 MB.
System memory in use after: 61.8 MB.

Unloading 5 unused Assets to reduce memory usage. Loaded Objects now: 1695.
Total: 1.638900 ms (FindLiveObjects: 0.175200 ms CreateObjectMapping: 0.026300 ms MarkObjects: 1.374200 ms  DeleteObjects: 0.062300 ms)

AssetImportWorkerClient::OnTransportError - code=2 error=End of file
